6
1
5 5
-0.605597 -0.462948  -5.47562  -2.77549  0.816509
 0.816026  -3.13313  -4.49518 -0.287513   1.23181
 -1.19277  -2.72753  -3.47346 -0.342658   1.37345
 -2.68865  -1.84193  0.182048 0.0706322   3.49486
 -4.25664  -2.27833  -1.62319  -1.27249   2.71894
1
5 5
 -3.66573  -1.42325 -0.151254 -0.822824   1.37448
 -3.13013  -3.69073  -1.48795  -1.77366  -1.45263
 0.730481  -1.31394  -2.30157  -2.18822  -1.56796
  3.74071  0.560387  -2.77581  -2.61245  -1.72563
  3.97793  0.732812  0.535427  -1.33542 -0.437117
1
5 5
-0.0502075    2.26818   -1.55482    -2.0712    -2.8783
   5.58603    1.50189   -3.38775   -3.59296  -0.770291
    1.7495   -1.68912   -3.00316   -2.20898  -0.125873
 -0.436167   -2.50367   -2.52664  -0.912356   0.720582
  0.203643   -1.88512   -2.44617   0.703797    2.11372
1
5 5
 0.114409  -0.60414 -0.294452  -1.66218   2.69211
 -2.09847   2.06304 -0.416234 0.0414677   3.51815
 -2.18427   1.37382   4.49994   1.31661 -0.104394
 -2.04671  -2.42806  -3.05942   -1.5311  -3.89369
  -3.8846  -3.59076  -2.84871  -2.64262  -4.60704
1
5 5
-0.433023   1.78838   3.80672   1.33597  0.360939
 -3.05643 -0.567431   -2.1209  -0.38118   -4.0435
 -3.87832  -2.97077  -4.33387  -5.28513  -4.74559
-0.719829  -1.86133  -3.48963  -1.09815 -0.564646
  1.42577  -0.65198  0.619395   4.95196   3.62861
1
5 5
 -0.214694 -0.0108979   0.594636   -1.75139  -0.759729
 -0.873113   -1.39069  -0.724279  -0.767047  -0.768427
 -0.496689  -0.875357   -0.71729    -1.3627   -1.50512
 -0.546367  -0.611137   -1.19821   -1.42629   -1.26124
 -0.841055   -1.44564   -1.30667   -1.17411   -0.79554
