16
6
5 5
  -2.23649   -2.61272   -1.41576 -0.0430101  -0.150714
  -2.58754   -1.55652   -1.37274   -1.09791   0.389176
  -1.91777 0.00209539   0.130161    1.43757 -0.0267081
   0.50729    2.43622  -0.426973    1.08714   -1.01571
   1.71215    1.64263   -1.24833 -0.0979666   -1.10902
5 5
 0.183654 -0.398763  0.983483  0.851353 -0.851966
 0.223457 -0.305339   1.38638  0.386466  -0.81394
 -1.36121 -0.257558 -0.063137  -0.38582  -1.56884
 -1.11236 -0.610927  -2.23143   -2.3523 -0.585021
-0.703739 -0.771223  -1.61637 -0.749636     1.252
5 5
 -1.74826  -1.79438   -1.7134  -2.40852   0.67499
-0.842229  -2.10613  -2.57083 -0.943234 -0.553955
 -1.06686   -1.3824  -1.88226  0.163987     1.983
-0.338226  -1.22081 -0.492524   3.18328    2.6253
 -1.34507  -1.38982  0.628409   2.76886  -1.35285
5 5
-0.149174 -0.584738   0.01624 -0.466419  -1.34074
  3.26981 0.0213893  -1.05345  -1.10986 -0.118677
 0.198828 0.0977548  -1.93119  -1.70126   1.60832
 -2.31483  -1.04426 -0.608194 -0.523851   1.18084
 -2.51032 -0.230107 -0.225964   1.10353   1.69921
5 5
0.0675288   1.29173  0.596418 -0.166689  -2.15686
0.0869043 -0.359886  0.287709  -1.69924  -1.76402
-0.162249 -0.920974 0.0527606   -2.9965  -3.02591
  1.41653 -0.402695  -2.05556  -2.55674  0.193657
 -2.60347  -3.56683  -1.30931  0.100332   1.06382
5 5
  0.530647  -0.223735   -0.62582  -0.408087   0.782608
  0.444893  -0.585555  -0.830149   -0.49131   0.132608
 -0.110997    -0.4458  -0.964295  -0.378519  -0.468138
  0.274127  0.0146603   -0.96593    -0.8803   0.346077
  0.243839 -0.0711682   0.115364  -0.185585   0.573727
6
5 5
 -0.182204   -2.10959   -1.89723  -0.858198    0.37002
   1.02125  -0.029432   -1.15349    1.88207   0.681176
   2.46069   0.523736  -0.989313    1.06093 -0.0599798
  0.897466    1.76656 -0.0623965   0.640757   -0.37357
 -0.169433  -0.875848    1.18567  -0.831966    1.58037
5 5
   2.66864    1.00305  -0.401639   -1.68406   -2.46725
 -0.429648    2.39531  0.0226115  -0.893931   -1.47907
  0.688671    1.54194   0.838342  -0.870874  -0.396656
   1.03315  -0.828438   0.319933  -0.368198  -0.123036
-0.0945103   -1.15288  -0.335332 -0.0402002  -0.807608
5 5
 0.654945  -1.31498 -0.812208 -0.418603   1.40452
 0.571332 -0.253773  0.482973  0.346652  0.317737
  1.06471   1.19905 -0.123301 -0.949796 -0.170237
  1.75261   1.34447 -0.164552  0.459769  0.348222
  1.27342   1.47012  0.114191 -0.386159 -0.633178
5 5
 -1.50193 -0.372022 -0.322995  -1.56311  -1.56817
-0.591814  -1.15227 -0.456277  -1.49916  -1.10996
 -0.30495  -1.27585 -0.607775  -1.36457  -2.85883
-0.948303 -0.580901  -1.62314 -0.626844  -1.36005
-0.507991  -2.41183  -3.51098  -3.23299   -1.3387
5 5
 -0.378832   0.144349   -2.27661   -1.16636     3.4487
  0.521963  -0.248948   -3.94933    1.36978    4.38994
 -0.788193   0.435972   -2.07468    1.44861   0.233003
 -0.444266   -1.06687    1.46601   0.713292   -3.59135
 -0.890313   -1.49448 -0.0571967   -1.02051   -5.04374
5 5
 0.465739 -0.915272  0.880301  0.514218  0.197515
-0.536215 -0.956579 -0.519839 -0.173002  0.930218
 0.312341   -0.2768 -0.191081  0.951515  0.626432
 0.521916 -0.313128  0.503191 -0.454383  0.985872
 0.161094  0.434537  0.897205 -0.548267  -0.54027
6
5 5
  -1.18863    1.64606    1.06896  -0.988654  -0.634929
  -1.54785   0.272905 -0.0202168   0.576904   -0.55951
  0.895344   0.591575  -0.285192    1.00766  -0.102156
    -0.219  -0.161471   -1.19261    2.15252  0.0241397
 -0.045233   0.524324  -0.538617   0.922949 0.00045122
5 5
 0.0632498   0.296486  -0.609757 -0.0498941    3.32155
   -1.1024  -0.201796   -1.12255   -2.08815   0.696751
  0.181893  0.0830803   -1.42575   -1.65604   -1.13897
 -0.498157  -0.154647  -0.392163  -0.760028  -0.959368
 -0.719703  -0.420985 -0.0551811    1.07419   -1.28649
5 5
   0.273975    -1.52526     -1.2725   0.0745107   -0.993638
  -0.282451    -1.29818   -0.519302   -0.945496    -1.03728
  -0.161779    -1.31943   -0.394466    -1.62075 -0.00144806
   -1.41524    -2.08845    -1.01377    -1.32545     1.02582
   -2.03898   -0.987735    -1.45976     -1.6954    0.239021
5 5
   0.56316   0.583426 -0.0173388   -0.71163  -0.624408
  -1.78316  -0.543789  -0.359113  -0.880509   0.245686
  -1.16615  -0.459711   0.215539 -0.0500882  -0.400073
  0.378037   0.953058    1.11806 -0.0251669   -1.82881
   1.66538  -0.912903   0.737214    1.91827   0.500203
5 5
 -1.43743  -3.53824  -2.97359  -2.42651  -1.34641
 0.714668   1.57789 -0.434933  -2.38748   -2.1845
  1.26422  0.782473  -2.90194  -1.56702  -1.84708
 -1.97877  -2.29258  -1.34648   -1.3588  -1.21832
 0.804574   1.03528   0.39942 -0.361142  -1.75177
5 5
  0.329967   -1.11749   0.490832   0.369432  -0.895939
 -0.368969  -0.558249   -1.19668 -0.0250956   0.513497
 0.0354356   -0.42356  -0.856972  -0.418641  0.0701849
   0.23483    0.19667   0.429448  -0.596512   0.344006
  0.363312 -0.0514559  -0.493075   0.693837   0.695139
6
5 5
   0.75675   0.297252 -0.0561645   -1.50924   -1.13707
  -1.68466   -2.29135   -2.17996  -0.869724  -0.765935
  -1.67343  -0.567439   -1.87481   -2.26661   -1.82081
   1.12141    1.54593   -1.29483   -1.73628   -1.05721
    1.9191   -1.14403   -0.32015   -1.35266   -1.70807
5 5
 -0.857939   -1.21134  -0.376518   -1.56608  -0.457173
  -2.75369  -0.308251   -1.37917    -1.9812   0.581311
  -1.19679   0.241247   -1.18676   0.138302  -0.645759
  0.505529    1.09414   0.225421    1.55185    1.08856
-0.0181997  -0.316108   0.426528   0.654971   0.449178
5 5
  0.81074 -0.320814  0.346087  0.552567   2.18903
-0.083716 -0.592942  0.299347   1.27114  0.849702
-0.296266 -0.770311  -2.06856    -1.955  -1.01407
 -2.04764 -0.301158  -0.79266  -1.55344  -1.71294
-0.907539  -1.06902   -1.5896  -2.40788  -1.30358
5 5
-0.0617459    1.11862   0.206591    1.44398   0.851114
  0.109835    1.36402    1.31514  0.0190817  -0.285539
  0.374406   -1.00545   0.123053   -1.10885 -0.0587224
 -0.886574    -0.7245   -1.35919  -0.943321  -0.525197
  -3.32994   -0.85135   0.108782   0.423417    1.68574
5 5
 -0.800545   0.465343  -0.326079  -0.921419   -2.40179
  -1.05132   -2.39627  -0.296296   -1.39316   -0.11926
   3.35943    1.14134    2.46914   0.660237   0.163176
    2.5297 -0.0759731   0.601407  -0.607334  -0.932987
  -1.49776  -0.404962   0.163685   0.423933  -0.818578
5 5
 -0.897685  -0.887907   0.917578   0.521278   0.743936
 -0.647811  -0.463853   0.873699  -0.928776  -0.884545
 0.0512422   0.509225  -0.481227   0.156223   0.583401
   1.00869   0.356804 -0.0555523   0.404832   0.886495
 -0.759928   -0.74428    0.42638   0.407611  -0.806963
6
5 5
   0.526136   -0.198578     1.84363    -0.69631    -2.11057
   -1.15562   -0.752326    0.115238     1.73954    -1.54527
  -0.436744     0.10105    -1.14009     0.97422    -1.82503
-0.00779029   -0.240181    0.143937     1.62364    -1.03918
   0.931471     1.04507     1.70629   -0.395546     -1.2088
5 5
  0.669374   -0.75082  -0.688994  -0.909115   0.680451
 -0.099148   0.503466  -0.896157   -1.08058   -1.36369
 -0.704799   0.305762   -1.32045  -0.861934   0.256649
  0.204963  -0.869426  -0.750261   0.162818    1.23396
-0.0277357   -0.86709  -0.484087  -0.710988    1.09766
5 5
   0.5672  -1.03712  0.190679 -0.309401 -0.195617
0.0201193  0.181728  0.299275   1.57286    -1.381
-0.955459 -0.608407  0.684578 0.0369241 -0.826974
-0.940857  -1.12718   1.17938   1.44715  -1.31625
-0.369676  0.614206   2.53297  -0.41272  0.372618
5 5
   -0.2844  -0.039376 0.00606044    -1.4824  -0.200972
 -0.728387  -0.300415   0.397056  -0.417422  -0.221732
-0.0228936  -0.382006    1.28868    1.72956  -0.714297
 -0.160014  -0.144295   -1.09118   0.355449  0.0182138
 -0.241188  -0.490542     -1.518  -0.996381   -0.61916
5 5
 -0.173476  -0.169007   -2.44505   -2.97796  -0.673786
  -1.39255   -1.73893   -2.45026  -0.775561   -2.30372
 -0.918139  -0.902368   -1.36135   -1.27296   -2.04663
  -1.52846  -0.815721   0.706394 -0.0281709   -2.05748
  -1.95634    1.55841    3.24537   0.579131  -0.511889
5 5
 0.486674  -0.67617 -0.830408  0.537832 -0.486589
  -0.4427 -0.335817 -0.395617  0.432017  0.173216
 -0.87304 -0.182949  0.684627 -0.234229 -0.886531
 0.707472 -0.282758  0.190653 -0.285868  0.807894
-0.659494  0.302807 -0.781498 -0.188668 -0.102048
6
5 5
   1.7475  -2.72894  0.754469  0.722219  -0.11929
 0.400782  -2.67166   -3.3234  -2.49223 -0.567856
0.0161631  -1.89179  -2.81853  -1.85995 -0.878645
-0.878383  -2.35213  -1.02761  -1.36108   -1.1065
 0.242675   -2.7347 -0.720925  0.917794   -1.4309
5 5
-0.599879  0.598732  0.411872 -0.198829 -0.388051
 0.629803  0.457421   1.65492  0.554822    2.3964
-0.285246  -1.09956  -1.12085  -1.20954  -1.92324
 -1.82875 -0.433698  -1.16959 -0.353007 -0.322714
 0.872315  0.162412 -0.815023 -0.679794 -0.175108
5 5
   0.18905 -0.0988222    2.45369   0.192943   -1.86179
  -1.43821   -1.81398   -2.12135   -1.30528    -1.3602
 -0.797368   -2.03268   -1.35599    2.71008    3.07587
 -0.430756  -0.643948  -0.246452   0.120444    2.22563
   1.55747 -0.0742701   -2.12781   -1.79905   -1.65649
5 5
  -1.14249  -0.993298  -0.463117  -0.280255    -0.4786
  0.907169    1.22928 -0.0429777     1.6937    1.36611
   1.93492    1.19349   0.549717  -0.384953    1.53939
 -0.261521   0.677935   0.144575    1.25058   0.667816
  -3.26222   -1.68411   -1.00722   -1.93428  -0.553526
5 5
  -2.16563   -2.06314  -0.960889    2.35807     1.3775
  -3.96587 -0.0379444  0.0697085    3.56581    1.91465
  -2.72459   -3.31703  -0.870577   -1.61221   -1.00793
  -2.23819   -1.14176   0.645064  -0.554167  -0.255122
  -2.39354   -1.11301   -1.36456   0.471506  -0.101288
5 5
  0.824511  -0.246941  -0.780349   0.504282  0.0958414
  0.770918    -1.2491   0.228351  -0.595086   0.156677
 -0.933126  -0.837321   -1.06911 -0.0190583  -0.233972
   0.52441  -0.596759   0.375747   0.223742   -1.11922
  0.844666   0.142099  -0.371061   0.772639   0.724716
6
5 5
   1.1996  0.568073 -0.677466  0.015913    -1.261
  1.54148   -1.8174  0.152538   -1.4144  -0.92935
 -1.13512 -0.270383  -1.99772  -1.14019  -1.81299
 -1.35785  -2.21053  -2.04485  -1.78689 -0.666193
  -1.5465  -3.37267  -1.38136  -0.72312  -2.36374
5 5
  -1.62949   -1.16564   -2.14286   -1.88936   -1.30405
  -1.73991   -1.49555   -2.42691   -1.99424   -2.48453
 -0.983977   -1.51132   -1.06473   0.151977 -0.0124652
 -0.193826     1.3455    2.35549    1.33071   0.775143
  0.538796   0.142044    2.30844    1.40714   0.529562
5 5
  0.188664  -0.415088   0.126838  -0.410133  -0.992527
   1.12557 -0.0352118    1.29217   0.976635    1.03307
  -0.64703    2.02133    2.09534  -0.663873   0.214585
   1.19701 0.00680806   -2.20187   -0.77585   -1.70818
  -1.48616   -1.98444   -1.32239   -1.85525   -2.43984
5 5
-0.867879 -0.976478  0.386449   1.56625   1.03217
-0.991976  0.958247   2.32874  0.528735  0.934172
 -1.60478 0.0772188  0.491871  0.582913   1.18009
  1.88162   1.15631 -0.554689 -0.497194   1.24272
  1.51804 -0.310803  -1.02557 -0.828372 -0.047255
5 5
   2.65733    1.01547    2.45644   -1.55932   -1.78739
   1.20366    -1.5711   -1.96625  -0.340473   -1.50787
  -2.75866  -0.735292    1.71005   0.607568   0.323164
  -1.63368  -0.450668   -1.63184  -0.417053   -1.02906
-0.0300482   0.500339    1.16196   0.508809  -0.403332
5 5
  -1.00006  -0.844423  -0.560271   0.264622   0.404633
  0.557405   -0.80532  -0.645735  0.0596474   0.214305
 -0.229201   0.313085  -0.761059  -0.732932   0.194483
 -0.184849   0.600159   -1.06509   0.212183   -0.63336
  0.353133 -0.0932072  -0.923034   0.729907  0.0939665
6
5 5
  0.435538   -2.14975    2.01573   -1.81425  -0.724642
  0.183863  -0.292897    3.35627   -2.98978  -0.192728
0.00508584  0.0375516    2.29137   -1.69857   0.821017
  -1.11903    2.28713   0.232746   -2.61184  -0.765805
 -0.604648   0.131476  -0.868429   -2.84478   -1.19167
5 5
-0.137047 -0.668704   3.11458  0.255982   1.25519
  1.08963   1.65148  0.962541  -1.65846  -2.61444
-0.210087 -0.390814 -0.911259  -1.55558  -0.28388
 -1.60864  -1.37709  -2.16966 -0.800605 -0.669467
 -0.44497  -1.30513 -0.710172   4.33588   1.79815
5 5
  1.01475 -0.452643  0.965205 -0.488499  -3.70542
  0.48186   -1.2354   1.68253  0.135779   2.41431
 0.814662  -1.39942    1.5599  0.324905   1.87388
-0.305581 0.0683558   2.49108 0.0226258  -2.00357
  1.43644  0.117797   -1.0863  -1.62818  -1.74723
5 5
  -0.406036 -0.00220595    -1.26487   -0.899158    -1.36593
  -0.981165   -0.252569    -1.95678    -2.20357   -0.953523
   -2.36441    -1.62663    -1.79036    -2.55839    -1.30982
  -0.755257    -1.36535   -0.807526     -1.0166    -1.13177
   -1.33317   -0.896381    0.286196     2.07494    0.809988
5 5
-0.374243  -2.30536  0.871276  -1.86937  -2.54053
 0.413095   1.38333   -1.9956   -2.2647  -2.10299
  1.60032  -2.75498  -3.92263  -1.80086   1.03359
  -1.9532  -2.32592  -1.53871  -0.96959   1.33382
 -2.79319 -0.785344 -0.129074   0.51049   2.48475
5 5
   0.569536  -0.0182229    0.570808   -0.192871     0.66548
   0.116334    0.566299  -0.0377153    0.146218   -0.869826
 -0.0977303    0.274683    0.322916   -0.887349    0.124708
      1.137    -0.14161   -0.955008   -0.922548   -0.266294
   0.116057   -0.988506    0.589164    0.590438 0.000925371
6
5 5
 -2.05863  -2.55261 -0.719048  -2.07567 -0.157929
 0.469848 0.0940251  -1.14056  -2.82142  -1.83943
  2.14915  0.114574  0.761542 -0.693746 -0.388479
  3.11079  0.544083  0.793983  -0.72628   0.39074
  0.84947 -0.350164  0.165744  0.231061 -0.293103
5 5
 0.0382258  -0.427327  -0.192769    1.06458  -0.724924
   1.10127  -0.613064  0.0582231 -0.0201353  -0.234512
 -0.148449  -0.336557  -0.225736    -1.3395   -0.35789
 -0.966987  -0.269751   0.016989  -0.236457   0.244723
  0.456688  -0.902878  -0.578017  0.0484386    -0.5828
5 5
  -1.79241   -1.64564   -1.35504  0.0780974    1.46269
-0.0436225   -1.68663   -1.62824  -0.190418  -0.784117
   1.63621  -0.858065  -0.447987  -0.394329   0.624898
   0.63198  -0.806747   0.945019   0.300369   -1.61949
 -0.175935   0.452979   0.306602  -0.121422  -0.258634
5 5
  2.06451  0.519797  -1.12755  -1.22315  -1.32091
 -1.42286 -0.787684 -0.638713 -0.548542 -0.593074
0.0622464  -1.15829 0.0384127  0.477849  -1.01877
  -1.1773  0.148015 -0.147596 -0.586858 -0.373573
-0.785824  -1.74014 -0.710865   -1.0646 -0.224979
5 5
   -2.92916    -2.69934    -2.48543      -0.438     2.05133
  -0.848106   -0.510497    -1.60299    -1.71598     0.31739
    1.07239     2.48892    -2.19391    -3.21608     -2.2144
    1.62095 -0.00827186    -2.69223    -1.69883   -0.282762
    -0.7485    -1.66158     1.64388     2.73645   -0.940979
5 5
0.000381299     0.45392    0.788697    -0.63654    0.208078
 -0.0335591   -0.475786   -0.411766     -1.0198   -0.501458
  -0.116702    -0.44191  -0.0395683    0.535184   -0.440992
  -0.474271    0.964764    0.528838    0.199639     0.83163
    1.02038    0.963896   -0.834423   -0.188653   -0.300747
6
5 5
0.00738353   -0.66544  -0.274792   -1.63889   -1.14134
  -1.12086   0.452887    1.40054  -0.513337   0.657232
  0.489283  -0.395781   0.872884   -1.48989 -0.0220945
  0.377483   -1.47524    1.03724   0.503765   0.189732
 -0.808367   -1.65929    1.70203   0.631981   -0.83332
5 5
  1.21299  -1.24753  -1.22853 -0.575268 0.0971763
 0.647557  -1.25093 -0.200508 -0.979914 -0.554486
 0.072941  -1.08103  -1.80855 -0.329949  0.221456
 -1.76409   -1.7934 -0.233473  -1.29083 -0.363068
 -1.13972  -1.05007 -0.122878 -0.954809  -1.13244
5 5
-0.617598 -0.536334  0.656549  -1.38507  0.105741
 0.736624   1.41228 -0.484391    -1.531  -1.60908
  1.63297  0.647839 -0.451205  -1.96725 0.0221257
   1.8663 -0.883174  -0.26964 -0.774321   1.37022
  0.29027  0.612099  -1.40649 0.0931984    1.1722
5 5
  2.10888   2.01162   -1.3384  -0.83015 -0.148104
-0.679803  0.531035 -0.491265 -0.358168 -0.281409
-0.461432 -0.457181   1.63028  0.106176  -1.54343
-0.246054 -0.357823 -0.534919  0.652087  0.723035
-0.503632  -2.27942 -0.787604   1.09919   1.49594
5 5
 -1.64012  -2.61371  -2.55904  -0.97379    1.0054
  2.20484   1.14909  -2.88081  -1.13156  -0.29663
  2.37477   1.35201  -2.05854  -1.90819  -1.50914
 0.835434   -1.5812 -0.559167  -1.25483 -0.863764
 -1.19046 -0.285272  0.688374  -1.01271  -1.31602
5 5
  0.726264  0.0548308  -0.376509 -0.0399591   0.781904
 -0.761155  -0.903592   0.179823  -0.222415   -1.06365
  0.420382   0.568144   0.323455   0.755966  -0.586812
  0.689555  -0.444227   -1.10892    0.23568  -0.643184
 -0.818032   -1.16093   0.549115  -0.427313  -0.669016
6
5 5
-0.0671566  -0.664197  0.0977752   0.991319   0.535041
  0.236372  -0.522406  -0.146922   -1.29724   -1.11661
 -0.144984  -0.843097  -0.908521   -1.35026    1.21532
 0.0221872   -1.26247  -0.636482  -0.546166    2.76175
  -1.65165  -0.850495   -1.16356    -1.3317    1.95057
5 5
  0.340003   -1.36151  -0.771227   -1.41292 -0.0237507
  0.118498  -0.332956  -0.944882   -1.20037  -0.796285
  0.453485  -0.921613   0.216691   0.101565   0.754876
 -0.669224   -1.11559     -0.125    1.12588    1.22506
 -0.761141  -0.821385  -0.683212 -0.0542086    1.09021
5 5
 -0.432339    0.17152   0.400285    2.64993    0.82512
  0.196742  -0.930165   0.853901  -0.246389   0.594368
  -0.20764  -0.597415   0.340481  -0.509457  -0.896983
 -0.361311   -0.87286 -0.0425916  -0.142039     -1.001
 -0.469103 0.00474148   0.874072   0.689169   -1.12778
5 5
 -1.38341 -0.169265   1.42835  0.850996 -0.491884
-0.894125 -0.605296 -0.569217 -0.193358  -1.20903
-0.364149 -0.940367 0.0840895  0.295785 -0.614141
 -1.26768 -0.494875 -0.203351 -0.877021  0.230995
 0.424803   0.86779  0.296982   -1.5464  0.911754
5 5
  -1.22567    0.32814   0.687618   0.501802   -0.30267
  -1.55366  -0.527317   -0.52605   0.176739   -0.11969
  -0.94855   0.232986  -0.145485 0.00767156   -1.54109
 -0.813924 -0.0316207    0.62623   -1.37282   -1.57197
 -0.996155  -0.417093 -0.0519684   -1.05594    -1.7353
5 5
 0.301242   -1.0406 -0.321553 -0.824143  0.173554
  -0.7117  -1.16391 -0.388463  0.490282 -0.454358
-0.530909 -0.614827  0.273635   -0.9543 -0.338806
 0.545437 -0.223691  -1.17587  0.314117 -0.689375
 0.248643 -0.644369    -1.301  0.132733 -0.159944
6
5 5
 -0.989055    1.17632   0.210031    -2.5478   -1.46064
  -1.37421   -2.05263  -0.506953   -1.92233   0.535602
 -0.851484   0.413588    1.13329    2.68077  0.0377546
 -0.265114 -0.0179245   0.118978   -1.01022   -2.05757
  0.192815 -0.0752725   -1.91357  -0.721031   -1.32367
5 5
-0.682369  -1.50685 -0.432232 -0.440199 -0.432805
 0.999476 -0.159334   -1.0821  -1.85143  -1.48008
 0.823263  0.660862 -0.538963 -0.483027 -0.696156
 0.756663   0.30392  -1.28976 -0.511678 -0.883073
-0.937404   1.37747  0.534507 -0.415033 -0.630431
5 5
  -1.14561  -0.636463   -1.30084   -1.18117    1.12463
  -1.86544   -1.45272   -1.79054   0.514454  0.0904065
 -0.566439  -0.727634  -0.531002   -1.72289  -0.235018
  0.831581  -0.315323 -0.0770291  -0.983034  -0.434611
  -0.15956    1.90613    0.41153   -1.90285  -0.531284
5 5
  1.59501   1.54812   1.79813   2.86042   0.23355
 0.554932   1.29873   0.56733  -1.13764   -1.2363
 -1.51758  -1.50551  -3.67756 -0.271435  0.303727
 -2.44287  -1.13704  0.436138   2.10063 -0.206312
 -3.53412  -1.08028 -0.379987 0.0996091 -0.202139
5 5
  -2.98472   -1.63638  -0.436811   0.702487   -1.25296
   1.59118  -0.687886   0.209141   0.226221    1.88077
-0.0954548   -1.29484   0.584764   0.850174    2.16244
  0.634005  -0.265238   -1.62304    1.00118   -1.32287
  -1.15503      1.259  -0.434377   -1.72073    1.39022
5 5
 0.0768484  -0.520917   -0.79474  -0.594864   0.248685
  0.441391  -0.188511   0.727691  -0.561862  -0.900533
 -0.652882   0.533383  -0.625846 -0.0373393  -0.697477
 -0.678883   0.721183   -0.73467  -0.680951  -0.206083
  0.874061    0.21204  -0.236566 -0.0660248  -0.975731
6
5 5
 -1.16716  -1.60895  0.629068 0.0402936 -0.520957
 -1.29855  -2.31823   1.31852 -0.196294  -1.82159
 -2.07945  -2.18661  -1.68336  -1.36383  -2.47383
 -3.55363  -2.61977  -2.34665  -1.78513 -0.753215
 0.854739  0.861991 -0.638635  0.196987   1.50294
5 5
 -1.53287  -1.55441  -2.88025  -1.76074  -1.65976
 -1.61604 -0.348127  0.731126   0.77308  -1.43967
 -0.32312  0.311761  0.909165   3.00186   1.01427
-0.165503 -0.337539 0.0563329  0.812742 -0.789204
 -1.50675  -0.48847   0.05262  -1.40628 -0.980524
5 5
 -0.249289 -0.0489629     1.1657   0.714731    1.38503
  0.274099     1.1158    1.27257   0.660123 -0.0948126
  -1.87005   -1.92317     -2.503   -1.89025    1.44133
  -2.42174   -2.23206  -0.330372    2.58957    1.11913
  0.796458   -1.37343   0.772085    1.89903   0.250036
5 5
 -1.55285  0.572232   1.65469  0.871217 -0.903915
 -0.43852  0.123437 -0.933317 -0.934677  -1.18258
 0.139167  -0.35021   1.36082   1.69152  -1.52577
 0.457993   1.44989 -0.413582 -0.508924  -2.75045
 0.986621  0.226907  -0.21828  -1.92118  -2.16575
5 5
  1.08518  -2.56064  -3.15229   -2.0075   -1.5281
-0.414999  0.293493   1.71492  0.218384 -0.692531
-0.553231   1.09068 -0.940486  -1.44952  -1.35733
  -1.5604  0.145731   1.30197  0.955661  0.275815
  1.37936   1.51726  0.179429  -1.60376  -2.30206
5 5
 0.248527 -0.340131  -1.09302 -0.700636 -0.767577
 0.268251 -0.335334  0.103021  0.174598  0.441437
-0.914614  0.688929   0.16984  0.110592  0.679249
 0.759798 -0.256876 0.0485561 -0.431288 -0.603647
-0.853763  0.769706  0.384075  0.486042  0.689048
6
5 5
 -2.72809  -1.53395 -0.492092  0.842096   1.36803
 0.488402  -1.50474  -3.33622  -2.62471 -0.979781
 0.913152  0.456043   1.73214  -1.80803 -0.403309
-0.447509   2.47837   1.40295 -0.623521  -1.83799
 -2.01217 -0.552207   1.10537 -0.100686 -0.826609
5 5
 -1.06206  -1.34352  -1.26917 -0.567645  -1.04108
-0.918722 -0.392381 -0.645635  0.604164 -0.346472
 -1.44242  0.271889   1.23602   1.86978   1.89117
 0.168057  0.171219 -0.967367  0.623724    1.4323
-0.643779 -0.398752  0.291048  0.146984 -0.792102
5 5
-0.218159 -0.722004  -1.07632  -1.66088  0.282039
  0.51516  0.595536  -1.86311 -0.273443  0.173276
-0.551598  0.135714 -0.612946   -0.1894  -1.48645
 -1.14465 -0.714135  0.503433  -0.12419 -0.710283
-0.457516   2.11773 -0.740533  -2.02714 -0.734256
5 5
 -1.35966  -1.63299 -0.739385 -0.308832   0.71909
 0.204068  0.668903  0.419327 -0.138863   2.36059
-0.333405  -1.24662 -0.198331   -0.6809  -1.50097
 -1.04973  -0.96866 -0.675715  0.320273 -0.105389
-0.563447  -1.25269  0.134124   0.88982  0.689013
5 5
 -3.31526  -3.40286  -2.90865  -2.73338  -2.75991
  1.24046  0.481154  0.134187  -2.84037  -1.94009
 0.706549    2.0506   1.14602   0.42032 0.0163933
 -1.48605  -1.90077 -0.824834  0.520213  0.972824
 -1.60386  -1.13695  -1.35334 -0.287511  -0.27332
5 5
  0.409216   0.633522   -0.13456  -0.207546   0.756884
-0.0595889    0.54606 -0.0227766   0.146701  0.0167919
  -1.07741   0.042538   -1.02404  -0.647618   0.623554
  0.256261  -0.301381   0.526392   -1.13842  -0.408751
  0.346534  -0.207696  -0.378545  0.0283019   0.380748
6
5 5
 -2.35934 -0.616489  0.152518   1.38853   -1.2185
-0.350786 -0.706903   1.24042  0.717583   0.66819
-0.329131  -3.66692  -1.90081   1.25254  0.824815
  2.03731 -0.528308 -0.235752   0.27666  0.203291
  2.28366  0.457017   1.10138   -2.6403  -1.48123
5 5
-0.866004  0.711963  0.741324  -1.81963  0.951631
-0.807613   1.52275  0.891539  -1.81033  0.545715
 -1.57045   1.66923   3.52464 -0.366484  0.266323
-0.623566  0.207875   2.23239    1.4818  0.468093
 0.604745  0.650773   -0.1719  -1.44536 0.0553861
5 5
  0.726679   -1.38707  -0.028913   -1.15707  -0.250713
  0.490477    -1.3892   -1.31468   -1.64297  -0.959337
  0.414254  -0.140102 -0.0917496   -2.15763   -1.94577
  0.445931   0.310338  -0.407367   -0.15963  -0.657695
   -1.5736   0.750213  -0.722401   -2.24418  -0.130491
5 5
   1.17548    1.24147  -0.308913 -0.0757563   -1.46194
  -0.47924  -0.584182   0.854117   0.252959   0.138565
  -1.05088  -0.630651   0.828136    1.02661    1.76888
 -0.416523  -0.395004  -0.783446  -0.633263  -0.583852
 -0.143299    0.11229   -0.19584  -0.374038  -0.657748
5 5
  -3.15252   -2.97571   -1.35394   0.128037    1.09394
 -0.117855   -2.83702   -2.24262   -2.61553  -0.247538
   2.30096 -0.0274797   -2.24971   -1.64525   -3.04681
   2.97955   0.904273   0.833473    1.56195   -1.38946
   1.07079 -0.0884154    1.77904    1.51868   0.365942
5 5
0.0618274  0.799832 -0.249567   0.89953 -0.311018
 0.263706  0.457767  0.145161 -0.410276  0.995224
 0.147825  0.622833  0.967133  0.880624  0.599896
-0.794374 -0.193246 -0.751608 -0.326447  0.385698
   1.0353  0.638909   1.11254  0.398575 -0.387345
6
5 5
 -1.59739  -2.14202  -2.78609   -1.2773    0.9511
 -1.15466   1.30809 -0.395741 -0.892245    2.2243
 -2.02632 -0.594992 -0.599717  0.748774   2.21667
 -2.49153  -2.28983  -1.69857 -0.667528   1.44664
  1.10371 -0.376041  -1.91908  -1.29764  0.711577
5 5
 -1.29656  0.867109   2.54205   1.36488   1.72171
-0.681235 0.0278385  0.163233   2.04062  0.111213
 0.289781  -1.20189  -1.54498  -1.72915  -1.54196
 -1.17269  -1.65653  -1.58853  0.279278  -0.64042
0.0727523 -0.914905  0.235723 0.0735146 -0.440326
5 5
  -1.35971   -1.17369   0.175619   -1.02019   0.626508
 -0.194373    1.26756    0.11259  -0.523611   0.335239
 -0.415824 -0.0639733   0.682218      1.713   0.710035
  -1.47009  0.0196768   0.353282    3.11984   0.382187
 -0.920493   -1.66971   0.820655   -2.22059 -0.0216097
5 5
0.0430542   0.74196   0.44127  0.924261 -0.926049
 -1.02407  -1.25418  -1.20153  0.185707  -1.52721
-0.947835 -0.473377  0.297299 -0.202388   1.19627
  1.23673  -1.90896 -0.309774  -1.12149   0.64584
  2.33755 -0.468024  -1.16574 -0.733641  -1.27031
5 5
  -2.12004     0.6321   -1.35287   -1.71856  -0.269188
    1.0376    1.08108 -0.0307097 -0.0536544  -0.310487
   0.81924    -1.5667   -1.96843   -1.55508  -0.699042
  -1.63582   -1.38283   -1.34386   -1.42795  -0.474269
0.00489245  -0.356708   0.734122   0.523654     1.3644
5 5
-0.260788  -1.02503  0.470324   0.50057  0.859961
-0.533938   -0.8975  0.657526 -0.593491  0.235375
 0.951549   0.18085  0.145093    1.1121  0.112959
-0.910376  -1.06319 -0.732434 -0.151271 -0.458513
 0.721565 -0.512752 -0.572948   0.28212 -0.265481
